[debug] [2017-11-30T12:25:08.764Z] ----------------------------------------------------------------------
[debug] [2017-11-30T12:25:08.767Z] Command:       C:\Program Files\nodejs\node.exe C:\Users\Curry\AppData\Roaming\npm\node_modules\firebase-tools\bin\firebase serve
[debug] [2017-11-30T12:25:08.767Z] CLI Version:   3.15.3
[debug] [2017-11-30T12:25:08.767Z] Platform:      win32
[debug] [2017-11-30T12:25:08.767Z] Node Version:  v6.11.3
[debug] [2017-11-30T12:25:08.768Z] Time:          Thu Nov 30 2017 20:25:08 GMT+0800 (中國標準時間)
[debug] [2017-11-30T12:25:08.768Z] ----------------------------------------------------------------------
[debug] 
[debug] [2017-11-30T12:25:08.781Z] > command requires scopes: ["email","openid","https://www.googleapis.com/auth/cloudplatformprojects.readonly","https://www.googleapis.com/auth/firebase","https://www.googleapis.com/auth/cloud-platform"]
[debug] [2017-11-30T12:25:08.781Z] > authorizing via signed-in user
[debug] [2017-11-30T12:25:08.783Z] >>> HTTP REQUEST GET https://admin.firebase.com/v1/projects/natsukichristmas  
 Thu Nov 30 2017 20:25:08 GMT+0800 (中國標準時間)
[debug] [2017-11-30T12:25:09.695Z] <<< HTTP RESPONSE 200
[debug] [2017-11-30T12:25:09.696Z] >>> HTTP REQUEST GET https://admin.firebase.com/v1/database/natsukichristmas/tokens  
 Thu Nov 30 2017 20:25:09 GMT+0800 (中國標準時間)
[debug] [2017-11-30T12:25:10.606Z] <<< HTTP RESPONSE 200
[info] 
[info] === Serving from 'C:\Users\Curry\Desktop\Natsuki Christmas'...
[info] 
[debug] [2017-11-30T12:25:10.611Z] >>> HTTP REQUEST GET https://cloudresourcemanager.googleapis.com/v1/projects/natsukichristmas  
 Thu Nov 30 2017 20:25:10 GMT+0800 (中國標準時間)
[debug] [2017-11-30T12:25:11.625Z] <<< HTTP RESPONSE 200
[debug] [2017-11-30T12:25:11.626Z] >>> HTTP REQUEST GET https://mobilesdk-pa.googleapis.com/v1/projects/48405354382/clients/_:getWebAppConfig  
 Thu Nov 30 2017 20:25:11 GMT+0800 (中國標準時間)
[debug] [2017-11-30T12:25:12.322Z] <<< HTTP RESPONSE 200
[info] i  hosting: Serving hosting files from: /
[info] +  hosting: Local server: http://localhost:5000

